<?xml version="1.0" encoding="UTF-8"?>
<testsuites>
	<testsuite tests="1" failures="1" time="" name="test">
		<testcase classname="test.harbor" name="[harbor] Expected pods but none running - did you deploy?" time="">
			<failure message="[harbor] Expected pods but none running - did you deploy?" type=""></failure>
		</testcase>
	</testsuite>
</testsuites>